
> codedaze@0.1.0 build D:\workspace\sk\NextJs\blog\codedaze
> node scripts/generate_sitemap.js && next build

Ô£à Sitemap generated successfully at public/sitemap.xml
  Ôû▓ Next.js 14.2.18
  - Environments: .env

   Creating an optimized production build ...
 Ô£ô Compiled successfully
   Linting and checking validity of types ...

./src/hooks/UsePosts.ts
106:6  Warning: React Hook useEffect has a missing dependency: 'fetchPosts'. Either include it or remove the dependency array.  react-hooks/exhaustive-deps

info  - Need to disable some ESLint rules? Learn more here: https://nextjs.org/docs/basic-features/eslint#disabling-rules
Failed to compile.

./src/db/service.ts:1:26
Type error: Cannot find module 'drizzle-orm' or its corresponding type declarations.

> 1 | import { eq, desc } from 'drizzle-orm';
    |                          ^
  2 | import { db } from '@/db';
  3 | import { PostIndex } from '@/types/BlogPost';
  4 | import { postIndexTable, autoPostsTable, InsertAutoPost } from './schema';
ÔÇëELIFECYCLEÔÇë Command failed with exit code 1.
